     1	TRACE 2021-07-16 09:23:12,597 [shard 0] kafka - requests.cc:67 - Processing name:join group, key:11, version:0 for nonode@nohost/<0.962.0>
     2	TRACE 2021-07-16 09:23:12,597 [shard 0] kafka - join request {group_id={service1_consumer_group} session_timeout_ms=10000 rebalance_timeout_ms=-1 member_id={} group_instance_id={nullopt} protocol_type={consumer} protocols={{name={roundrobin_v2} metadata=000000000001000c756f662d6669787475726573ffffffff}}}
     3	TRACE 2021-07-16 09:23:12,598 [shard 0] kafka - unknown member joining group id={service1_consumer_group} state=Empty gen=0 proto_type={nullopt} proto={nullopt} leader={nullopt} empty=true ntp={kafka_internal/group/0}
     4	TRACE 2021-07-16 09:23:12,598 [shard 0] kafka - added member id={nonode@nohost/<0.962.0>-6a24f603-a282-4ec6-9ebd-b3df2ae810c9} group={service1_consumer_group} group_inst={nullopt} proto_type={consumer} assignment_len=0 timeouts=10000/-1 protocols={{roundrobin_v2}:24} to group id={service1_consumer_group} state=Empty gen=0 proto_type={{consumer}} proto={nullopt} leader={{nonode@nohost/<0.962.0>-6a24f603-a282-4ec6-9ebd-b3df2ae810c9}} empty=false ntp={kafka_internal/group/0}
     5	TRACE 2021-07-16 09:23:12,598 [shard 0] kafka - group state transition Empty -> PreparingRebalance
     6	TRACE 2021-07-16 09:23:12,599 [shard 0] kafka - debouncing empty group join for 5000ms
     7	TRACE 2021-07-16 09:23:12,599 [shard 0] kafka - completing join for group id={service1_consumer_group} state=PreparingRebalance gen=0 proto_type={{consumer}} proto={nullopt} leader={{nonode@nohost/<0.962.0>-6a24f603-a282-4ec6-9ebd-b3df2ae810c9}} empty=false ntp={kafka_internal/group/0}
     8	TRACE 2021-07-16 09:23:12,599 [shard 0] kafka - leader has rejoined
     9	TRACE 2021-07-16 09:23:12,599 [shard 0] kafka - selecting group protocol
    10	TRACE 2021-07-16 09:23:12,599 [shard 0] kafka - candidate: {roundrobin_v2}
    11	TRACE 2021-07-16 09:23:12,600 [shard 0] kafka - member {nonode@nohost/<0.962.0>-6a24f603-a282-4ec6-9ebd-b3df2ae810c9} votes for protocol {roundrobin_v2} (1)
    12	TRACE 2021-07-16 09:23:12,600 [shard 0] kafka - selected group protocol {roundrobin_v2}
    13	TRACE 2021-07-16 09:23:12,600 [shard 0] kafka - group state transition PreparingRebalance -> CompletingRebalance
    14	TRACE 2021-07-16 09:23:12,600 [shard 0] kafka - advanced to group generation 1 protocol {{roundrobin_v2}} state CompletingRebalance
    15	TRACE 2021-07-16 09:23:12,600 [shard 0] kafka - set join response for member id={nonode@nohost/<0.962.0>-6a24f603-a282-4ec6-9ebd-b3df2ae810c9} group={service1_consumer_group} group_inst={nullopt} proto_type={consumer} assignment_len=0 timeouts=10000/-1 protocols={{roundrobin_v2}:24} reply {throttle_time_ms=0 error_code={ error_code: none [0] } generation_id=1 protocol_name={roundrobin_v2} leader={nonode@nohost/<0.962.0>-6a24f603-a282-4ec6-9ebd-b3df2ae810c9} member_id={nonode@nohost/<0.962.0>-6a24f603-a282-4ec6-9ebd-b3df2ae810c9} members={{member_id={nonode@nohost/<0.962.0>-6a24f603-a282-4ec6-9ebd-b3df2ae810c9} group_instance_id={nullopt} metadata=000000000001000c756f662d6669787475726573ffffffff}}}
    16	TRACE 2021-07-16 09:23:12,600 [shard 0] kafka - request_context.h:148 - sending 11:join group response {throttle_time_ms=0 error_code={ error_code: none [0] } generation_id=1 protocol_name={roundrobin_v2} leader={nonode@nohost/<0.962.0>-6a24f603-a282-4ec6-9ebd-b3df2ae810c9} member_id={nonode@nohost/<0.962.0>-6a24f603-a282-4ec6-9ebd-b3df2ae810c9} members={{member_id={nonode@nohost/<0.962.0>-6a24f603-a282-4ec6-9ebd-b3df2ae810c9} group_instance_id={nullopt} metadata=000000000001000c756f662d6669787475726573ffffffff}}}
    17	TRACE 2021-07-16 09:23:12,601 [shard 0] rpc - server.cc:120 - Incoming connection from 10.1.10.1:64576 on "outside"
    18	TRACE 2021-07-16 09:23:12,602 [shard 0] kafka - requests.cc:67 - Processing name:find coordinator, key:10, version:2 for service1_consumer_group
    19	TRACE 2021-07-16 09:23:12,602 [shard 0] kafka - request_context.h:148 - sending 10:find coordinator response {throttle_time_ms=0 error_code={ error_code: none [0] } error_message={nullopt} node_id=0 host=127.0.0.1 port=9092}
    20	TRACE 2021-07-16 09:23:12,603 [shard 0] kafka - requests.cc:67 - Processing name:api-versions, key:18, version:0 for nonode@nohost/<0.968.0>
    21	TRACE 2021-07-16 09:23:12,603 [shard 0] kafka - request_context.h:148 - sending 18:api-versions response {error_code={ error_code: none [0] } api_keys={{api_key=0 min_version=0 max_version=7}, {api_key=1 min_version=4 max_version=11}, {api_key=2 min_version=0 max_version=3}, {api_key=3 min_version=0 max_version=7}, {api_key=9 min_version=1 max_version=4}, {api_key=10 min_version=0 max_version=2}, {api_key=16 min_version=0 max_version=2}, {api_key=18 min_version=0 max_version=2}, {api_key=11 min_version=0 max_version=4}, {api_key=12 min_version=0 max_version=3}, {api_key=13 min_version=0 max_version=2}, {api_key=14 min_version=0 max_version=3}, {api_key=19 min_version=0 max_version=4}, {api_key=8 min_version=1 max_version=7}, {api_key=32 min_version=0 max_version=2}, {api_key=33 min_version=0 max_version=1}, {api_key=20 min_version=0 max_version=3}, {api_key=15 min_version=0 max_version=2}, {api_key=17 min_version=0 max_version=1}, {api_key=36 min_version=0 max_version=1}, {api_key=44 min_version=0 max_version=0}, {api_key=42 min_version=0 max_version=1}, {api_key=29 min_version=0 max_version=1}, {api_key=35 min_version=0 max_version=1}, {api_key=30 min_version=0 max_version=1}, {api_key=31 min_version=0 max_version=1}} throttle_time_ms=0}
    22	TRACE 2021-07-16 09:23:12,605 [shard 0] kafka - requests.cc:67 - Processing name:sync group, key:14, version:0 for nonode@nohost/<0.962.0>
    23	TRACE 2021-07-16 09:23:12,606 [shard 0] kafka - sync request {group_id={service1_consumer_group} generation_id=1 member_id={nonode@nohost/<0.962.0>-6a24f603-a282-4ec6-9ebd-b3df2ae810c9} group_instance_id={nullopt} assignments={{member_id={nonode@nohost/<0.962.0>-6a24f603-a282-4ec6-9ebd-b3df2ae810c9} assignment=000000000001000c756f662d66697874757265730000000100000000ffffffff}}}
    24	TRACE 2021-07-16 09:23:12,606 [shard 0] kafka - completing rebalance
    25	TRACE 2021-07-16 09:23:12,607 [shard 0] rpc - server.cc:120 - Incoming connection from 10.1.10.1:64580 on "outside"
    26	TRACE 2021-07-16 09:23:12,607 [shard 0] raft - [group_id:1, {kafka_internal/group/0}] replicate_entries_stm.cc:142 - Self append entries - {raft_group:{1}, commit_index:{3266}, term:{6}, prev_log_index:{3266}, prev_log_term:{6}}
    27	TRACE 2021-07-16 09:23:12,608 [shard 0] kafka - requests.cc:67 - Processing name:join group, key:11, version:0 for nonode@nohost/<0.968.0>
    28	TRACE 2021-07-16 09:23:12,608 [shard 0] kafka - join request {group_id={service1_consumer_group} session_timeout_ms=10000 rebalance_timeout_ms=-1 member_id={} group_instance_id={nullopt} protocol_type={consumer} protocols={{name={roundrobin_v2} metadata=0000000000010008756f662d6f646473ffffffff}}}
    29	TRACE 2021-07-16 09:23:12,609 [shard 0] kafka - unknown member joining group id={service1_consumer_group} state=CompletingRebalance gen=1 proto_type={{consumer}} proto={{roundrobin_v2}} leader={{nonode@nohost/<0.962.0>-6a24f603-a282-4ec6-9ebd-b3df2ae810c9}} empty=false ntp={kafka_internal/group/0}
    30	TRACE 2021-07-16 09:23:12,609 [shard 0] kafka - added member id={nonode@nohost/<0.968.0>-eb17a4da-c753-4685-91ba-888b248719e6} group={service1_consumer_group} group_inst={nullopt} proto_type={consumer} assignment_len=0 timeouts=10000/-1 protocols={{roundrobin_v2}:20} to group id={service1_consumer_group} state=CompletingRebalance gen=1 proto_type={{consumer}} proto={{roundrobin_v2}} leader={{nonode@nohost/<0.962.0>-6a24f603-a282-4ec6-9ebd-b3df2ae810c9}} empty=false ntp={kafka_internal/group/0}
    31	TRACE 2021-07-16 09:23:12,610 [shard 0] kafka - requesting rejoin from syncing members
    32	TRACE 2021-07-16 09:23:12,610 [shard 0] kafka - set sync response for member id={nonode@nohost/<0.962.0>-6a24f603-a282-4ec6-9ebd-b3df2ae810c9} group={service1_consumer_group} group_inst={nullopt} proto_type={consumer} assignment_len=0 timeouts=10000/-1 protocols={{roundrobin_v2}:24}
    33	TRACE 2021-07-16 09:23:12,610 [shard 0] kafka - group state transition CompletingRebalance -> PreparingRebalance
    34	TRACE 2021-07-16 09:23:12,611 [shard 0] kafka - not all members have joined cur 2 waiting 1 pending 0
    35	TRACE 2021-07-16 09:23:12,612 [shard 0] kafka - scheduling join completion for -1ms
    36	TRACE 2021-07-16 09:23:12,612 [shard 0] kafka - group.cc:706 - completing join on group rebalance timeout {service1_consumer_group}
    37	TRACE 2021-07-16 09:23:12,613 [shard 0] kafka - completing join for group id={service1_consumer_group} state=PreparingRebalance gen=1 proto_type={{consumer}} proto={{roundrobin_v2}} leader={{nonode@nohost/<0.962.0>-6a24f603-a282-4ec6-9ebd-b3df2ae810c9}} empty=false ntp={kafka_internal/group/0}
    38	TRACE 2021-07-16 09:23:12,613 [shard 0] kafka - group.cc:727 - removing unjoined member {nonode@nohost/<0.962.0>-6a24f603-a282-4ec6-9ebd-b3df2ae810c9}
